  Game.cpp
  InterfaceManager.cpp
D:\my_projects\open_source_projects\our_game\client\Game\InterfaceManager.cpp(7,56): warning C4244: аргумент: преобразование "T" в "unsigned int", возможна потеря данных
          with
          [
              T=float
          ]
D:\my_projects\open_source_projects\our_game\client\Game\InterfaceManager.cpp(7,45): warning C4244: аргумент: преобразование "T" в "unsigned int", возможна потеря данных
          with
          [
              T=float
          ]
  Button.cpp
  MainMenu.cpp
  main.cpp
  Создание кода
  4 of 256 functions ( 1.6%) were compiled, the rest were copied from previous compilation.
    1 functions were new in current compilation
    1 functions had inline decision re-evaluated but remain unchanged
  Создание кода завершено
  client.vcxproj -> D:\my_projects\open_source_projects\our_game\x64\Release\client.exe
